<?xml version="1.0" encoding="UTF-8"?>
<!-- Generated by org.testng.reporters.JUnitXMLReporter -->
<testsuite ignored="4" hostname="Justinas-Bakutis.local" failures="0" tests="3" name="SmokeTests" time="30.536" errors="0" timestamp="2022-02-13T14:21:29 EET">
  <testcase classname="Tests.PA1" name="PA1PS1" time="11.291"/>
  <testcase classname="Tests.PA1" name="PA1AS2" time="8.141"/>
  <testcase classname="Tests.PA3" name="PA3PS1" time="7.17"/>
  <testcase classname="Tests.TestsParameters" name="@BeforeTest SetUp" time="0.0">
    <ignored/>
  </testcase> <!-- @BeforeTest SetUp -->
  <testcase classname="Tests.PA1" name="PA1AS1" time="0.0">
    <ignored/>
  </testcase> <!-- PA1AS1 -->
  <testcase classname="Tests.PA1" name="PA1AS3" time="0.0">
    <ignored/>
  </testcase> <!-- PA1AS3 -->
  <testcase classname="Tests.TestsParameters" name="@AfterTest TearDown" time="0.0">
    <ignored/>
  </testcase> <!-- @AfterTest TearDown -->
</testsuite> <!-- SmokeTests -->
