<?xml version="1.0" encoding="UTF-8"?>
<testng-results ignored="0" total="7" passed="7" failed="0" skipped="0">
  <reporter-output>
  </reporter-output>
  <suite started-at="2022-02-13T14:26:22 EET" name="Default suite" finished-at="2022-02-13T14:28:39 EET" duration-ms="136905">
    <groups>
    </groups>
    <test started-at="2022-02-13T14:26:22 EET" name="Default test" finished-at="2022-02-13T14:28:39 EET" duration-ms="136905">
      <class name="Tests.PA5">
        <test-method is-config="true" signature="SetUp()[pri:0, instance:Tests.PA5@6e0dec4a]" started-at="2022-02-13T14:26:22 EET" name="SetUp" finished-at="2022-02-13T14:26:25 EET" duration-ms="3296" status="PASS">
          <reporter-output>
          </reporter-output>
        </test-method> <!-- SetUp -->
        <test-method signature="PA5_AM2PS1()[pri:0, instance:Tests.PA5@6e0dec4a]" started-at="2022-02-13T14:26:25 EET" name="PA5_AM2PS1" finished-at="2022-02-13T14:26:35 EET" duration-ms="9470" status="PASS">
          <reporter-output>
          </reporter-output>
        </test-method> <!-- PA5_AM2PS1 -->
        <test-method signature="PA5_AM3PS1()[pri:0, instance:Tests.PA5@6e0dec4a]" started-at="2022-02-13T14:26:35 EET" name="PA5_AM3PS1" finished-at="2022-02-13T14:26:57 EET" duration-ms="22200" status="PASS">
          <reporter-output>
          </reporter-output>
        </test-method> <!-- PA5_AM3PS1 -->
        <test-method signature="PA5_AM4PS1()[pri:0, instance:Tests.PA5@6e0dec4a]" started-at="2022-02-13T14:26:57 EET" name="PA5_AM4PS1" finished-at="2022-02-13T14:27:08 EET" duration-ms="11614" status="PASS">
          <reporter-output>
          </reporter-output>
        </test-method> <!-- PA5_AM4PS1 -->
        <test-method signature="PA5_AM5PS1()[pri:0, instance:Tests.PA5@6e0dec4a]" started-at="2022-02-13T14:27:08 EET" name="PA5_AM5PS1" finished-at="2022-02-13T14:27:18 EET" duration-ms="9225" status="PASS">
          <reporter-output>
          </reporter-output>
        </test-method> <!-- PA5_AM5PS1 -->
        <test-method signature="PA5_AM6AS1()[pri:0, instance:Tests.PA5@6e0dec4a]" started-at="2022-02-13T14:27:18 EET" name="PA5_AM6AS1" finished-at="2022-02-13T14:27:47 EET" duration-ms="28867" status="PASS">
          <reporter-output>
          </reporter-output>
        </test-method> <!-- PA5_AM6AS1 -->
        <test-method signature="PA5_AM6AS2()[pri:0, instance:Tests.PA5@6e0dec4a]" started-at="2022-02-13T14:27:47 EET" name="PA5_AM6AS2" finished-at="2022-02-13T14:28:14 EET" duration-ms="27677" status="PASS">
          <reporter-output>
          </reporter-output>
        </test-method> <!-- PA5_AM6AS2 -->
        <test-method signature="PA5_AM6PS1()[pri:0, instance:Tests.PA5@6e0dec4a]" started-at="2022-02-13T14:28:14 EET" name="PA5_AM6PS1" finished-at="2022-02-13T14:28:39 EET" duration-ms="24329" status="PASS">
          <reporter-output>
          </reporter-output>
        </test-method> <!-- PA5_AM6PS1 -->
        <test-method is-config="true" signature="TearDown()[pri:0, instance:Tests.PA5@6e0dec4a]" started-at="2022-02-13T14:28:39 EET" name="TearDown" finished-at="2022-02-13T14:28:39 EET" duration-ms="161" status="PASS">
          <reporter-output>
          </reporter-output>
        </test-method> <!-- TearDown -->
      </class> <!-- Tests.PA5 -->
    </test> <!-- Default test -->
  </suite> <!-- Default suite -->
</testng-results>
