<?xml version="1.0" encoding="UTF-8"?>
<!-- Generated by org.testng.reporters.JUnitXMLReporter -->
<testsuite ignored="0" hostname="Justinas-Bakutis.local" failures="0" tests="7" name="Default test" time="136.905" errors="0" timestamp="2022-02-13T14:28:39 EET">
  <testcase classname="Tests.PA5" name="PA5_AM2PS1" time="9.47"/>
  <testcase classname="Tests.PA5" name="PA5_AM3PS1" time="22.2"/>
  <testcase classname="Tests.PA5" name="PA5_AM4PS1" time="11.614"/>
  <testcase classname="Tests.PA5" name="PA5_AM5PS1" time="9.225"/>
  <testcase classname="Tests.PA5" name="PA5_AM6AS1" time="28.867"/>
  <testcase classname="Tests.PA5" name="PA5_AM6AS2" time="27.677"/>
  <testcase classname="Tests.PA5" name="PA5_AM6PS1" time="24.329"/>
</testsuite> <!-- Default test -->
