<?xml version="1.0" encoding="UTF-8"?>
<!-- Generated by org.testng.reporters.JUnitXMLReporter -->
<testsuite ignored="8" hostname="Justinas-Bakutis.local" failures="0" tests="18" name="RegressionTests" time="206.25" errors="0" timestamp="2022-02-13T13:56:29 EET">
  <testcase classname="Tests.PA1" name="PA1AS1" time="5.821"/>
  <testcase classname="Tests.PA1" name="PA1AS2" time="7.684"/>
  <testcase classname="Tests.PA1" name="PA1AS3" time="9.926"/>
  <testcase classname="Tests.PA1" name="PA1PS1" time="9.964"/>
  <testcase classname="Tests.PA2" name="PA2AS1" time="5.06"/>
  <testcase classname="Tests.PA2" name="PA2AS2" time="9.673"/>
  <testcase classname="Tests.PA2" name="PA2AS3" time="9.907"/>
  <testcase classname="Tests.PA2" name="PA2PS1" time="6.938"/>
  <testcase classname="Tests.PA3" name="PA3PS1" time="6.914"/>
  <testcase classname="Tests.PA4" name="PA4_AM1PS1" time="0.381"/>
  <testcase classname="Tests.PA4" name="PA4_AM1PS2" time="0.61"/>
  <testcase classname="Tests.PA5" name="PA5_AM2PS1" time="8.368"/>
  <testcase classname="Tests.PA5" name="PA5_AM3PS1" time="21.976"/>
  <testcase classname="Tests.PA5" name="PA5_AM4PS1" time="11.593"/>
  <testcase classname="Tests.PA5" name="PA5_AM5PS1" time="9.251"/>
  <testcase classname="Tests.PA5" name="PA5_AM6AS1" time="28.608"/>
  <testcase classname="Tests.PA5" name="PA5_AM6AS2" time="27.558"/>
  <testcase classname="Tests.PA5" name="PA5_AM6PS1" time="24.215"/>
  <testcase classname="Tests.TestsParameters" name="@BeforeTest SetUp" time="0.0">
    <ignored/>
  </testcase> <!-- @BeforeTest SetUp -->
  <testcase classname="Tests.TestsParameters" name="@BeforeTest SetUp" time="0.0">
    <ignored/>
  </testcase> <!-- @BeforeTest SetUp -->
  <testcase classname="Tests.TestsParameters" name="@BeforeTest SetUp" time="0.0">
    <ignored/>
  </testcase> <!-- @BeforeTest SetUp -->
  <testcase classname="Tests.TestsParameters" name="@BeforeTest SetUp" time="0.0">
    <ignored/>
  </testcase> <!-- @BeforeTest SetUp -->
  <testcase classname="Tests.TestsParameters" name="@AfterTest TearDown" time="0.0">
    <ignored/>
  </testcase> <!-- @AfterTest TearDown -->
  <testcase classname="Tests.TestsParameters" name="@AfterTest TearDown" time="0.0">
    <ignored/>
  </testcase> <!-- @AfterTest TearDown -->
  <testcase classname="Tests.TestsParameters" name="@AfterTest TearDown" time="0.0">
    <ignored/>
  </testcase> <!-- @AfterTest TearDown -->
  <testcase classname="Tests.TestsParameters" name="@AfterTest TearDown" time="0.0">
    <ignored/>
  </testcase> <!-- @AfterTest TearDown -->
</testsuite> <!-- RegressionTests -->
