<?xml version="1.0" encoding="UTF-8"?>
<!-- Generated by org.testng.reporters.JUnitXMLReporter -->
<testsuite ignored="4" hostname="Justinas-Bakutis.local" failures="0" tests="3" name="Test" time="29.854" errors="0" timestamp="2022-02-13T13:53:03 EET">
  <testcase classname="Tests.PA1" name="PA1PS1" time="10.849"/>
  <testcase classname="Tests.PA1" name="PA1AS2" time="7.98"/>
  <testcase classname="Tests.PA3" name="PA3PS1" time="7.106"/>
  <testcase classname="Tests.TestsParameters" name="@BeforeTest SetUp" time="0.0">
    <ignored/>
  </testcase> <!-- @BeforeTest SetUp -->
  <testcase classname="Tests.PA1" name="PA1AS1" time="0.0">
    <ignored/>
  </testcase> <!-- PA1AS1 -->
  <testcase classname="Tests.PA1" name="PA1AS3" time="0.0">
    <ignored/>
  </testcase> <!-- PA1AS3 -->
  <testcase classname="Tests.TestsParameters" name="@AfterTest TearDown" time="0.0">
    <ignored/>
  </testcase> <!-- @AfterTest TearDown -->
</testsuite> <!-- Test -->
